[debug] [2022-03-18T10:55:13.368Z] ----------------------------------------------------------------------
[debug] [2022-03-18T10:55:13.372Z] Command:       /usr/lib/node_modules/node/bin/node /usr/local/bin/firebase init
[debug] [2022-03-18T10:55:13.373Z] CLI Version:   10.2.2
[debug] [2022-03-18T10:55:13.373Z] Platform:      linux
[debug] [2022-03-18T10:55:13.373Z] Node Version:  v17.7.1
[debug] [2022-03-18T10:55:13.374Z] Time:          Fri Mar 18 2022 11:55:13 GMT+0100 (Central European Standard Time)
[debug] [2022-03-18T10:55:13.374Z] ----------------------------------------------------------------------
[debug] 
[debug] [2022-03-18T10:55:13.379Z] >>> [apiv2][query] GET https://firebase-public.firebaseio.com/cli.json [none]
[debug] [2022-03-18T10:55:13.511Z] > command requires scopes: ["email","openid","https://www.googleapis.com/auth/cloudplatformprojects.readonly","https://www.googleapis.com/auth/firebase","https://www.googleapis.com/auth/cloud-platform"]
[debug] [2022-03-18T10:55:13.512Z] > authorizing via signed-in user (eloi.charra@gmail.com)
[info] 
     ######## #### ########  ######## ########     ###     ######  ########
     ##        ##  ##     ## ##       ##     ##  ##   ##  ##       ##
     ######    ##  ########  ######   ########  #########  ######  ######
     ##        ##  ##    ##  ##       ##     ## ##     ##       ## ##
     ##       #### ##     ## ######## ########  ##     ##  ######  ########

You're about to initialize a Firebase project in this directory:

  /home/eloi/Autres/eloichr

[info] 
=== Project Setup
[info] 
[info] First, let's associate this project directory with a Firebase project.
[info] You can create multiple project aliases by running firebase use --add, 
[info] but for now we'll just set up a default project.
[info] 
[debug] [2022-03-18T10:55:18.956Z] > refreshing access token with scopes: []
[debug] [2022-03-18T10:55:18.958Z] >>> HTTP REQUEST POST https://www.googleapis.com/oauth2/v3/token  
 <request body omitted>
